<?xml version="1.0" encoding="UTF-8"?>
<testsuite xmlns:xsi="http://www.w3.org/2001/XMLSchema-instance" xsi:noNamespaceSchemaLocation="https://maven.apache.org/surefire/maven-surefire-plugin/xsd/surefire-test-report-3.0.xsd" version="3.0" name="com.siceiapp.crud.CrudApplicationTests" time="3.541" tests="1" errors="0" skipped="0" failures="0">
  <properties>
[...]
</properties>
  <testcase name="contextLoads" classname="com.siceiapp.crud.CrudApplicationTests" time="0.892">
    <system-out><![CDATA[18:27:04.213 [main] INFO org.springframework.test.context.support.AnnotationConfigContextLoaderUtils -- Could not detect default configuration classes for test class [com.siceiapp.crud.CrudApplicationTests]: CrudApplicationTests does not declare any static, non-private, non-final, nested classes annotated with @Configuration.
18:27:04.323 [main] INFO org.springframework.boot.test.context.SpringBootTestContextBootstrapper -- Found @SpringBootConfiguration com.siceiapp.crud.CrudApplication for test class com.siceiapp.crud.CrudApplicationTests
18:27:04.480 [main] INFO org.springframework.boot.devtools.restart.RestartApplicationListener -- Restart disabled due to context in which it is running

  .   ____          _            __ _ _
 /\\ / ___'_ __ _ _(_)_ __  __ _ \ \ \ \
( ( )\___ | '_ | '_| | '_ \/ _` | \ \ \ \
 \\/  ___)| |_)| | | | | || (_| |  ) ) ) )
  '  |____| .__|_| |_|_| |_\__, | / / / /
 =========|_|==============|___/=/_/_/_/
 :: Spring Boot ::                (v3.1.5)

2023-11-16T18:27:04.765-06:00  INFO 12836 --- [           main] com.siceiapp.crud.CrudApplicationTests   : Starting CrudApplicationTests using Java 17.0.6 with PID 12836 (started by isaac in D:\AWS Project\hecho en inicializer\crud\crud)
2023-11-16T18:27:04.767-06:00  INFO 12836 --- [           main] com.siceiapp.crud.CrudApplicationTests   : No active profile set, falling back to 1 default profile: "default"
2023-11-16T18:27:06.665-06:00  INFO 12836 --- [           main] com.siceiapp.crud.CrudApplicationTests   : Started CrudApplicationTests in 2.205 seconds (process running for 3.149)
]]></system-out>
  </testcase>
</testsuite>